<?xml version="1.0" encoding="UTF-8"?>
<!-- Generated by org.testng.reporters.JUnitReportReporter -->
<testsuite skipped="0" hostname="DESKTOP-LAO6R8V" name="com.orangehrmlive.demo.opensource.testsuite.LoginPageTest" tests="2" failures="0" timestamp="2022-12-13T14:04:54 GMT" time="11.851" errors="0">
  <testcase name="verifyUserCanClickOnForgotPasswordLink" time="6.189" classname="com.orangehrmlive.demo.opensource.testsuite.LoginPageTest"/>
  <system-out>
    <![CDATA[Click on Forgot Password Link [[ChromeDriver: chrome on WINDOWS (e1b05a6cd157d629c7a42a5274700e48)] -> xpath: //p[@class='oxd-text oxd-text--p orangehrm-login-forgot-header']]
get Message After click on forgot password link [[ChromeDriver: chrome on WINDOWS (e1b05a6cd157d629c7a42a5274700e48)] -> xpath: //h6[@class='oxd-text oxd-text--h6 orangehrm-forgot-password-title']]]]>
  </system-out>
  <testcase name="verifyUserCanLoginSuccessfullyWithValidCredential" time="5.662" classname="com.orangehrmlive.demo.opensource.testsuite.LoginPageTest"/>
  <system-out>
    <![CDATA[Enter username : [[ChromeDriver: chrome on WINDOWS (b962118c1188a7172ec0a1a1734a0c9e)] -> name: username]
Enter password [[ChromeDriver: chrome on WINDOWS (b962118c1188a7172ec0a1a1734a0c9e)] -> name: password]
Click On Login Button [[ChromeDriver: chrome on WINDOWS (b962118c1188a7172ec0a1a1734a0c9e)] -> xpath: //button[@type='submit']]
Wel come message [[ChromeDriver: chrome on WINDOWS (b962118c1188a7172ec0a1a1734a0c9e)] -> xpath: //h6[@class='oxd-text oxd-text--h6 oxd-topbar-header-breadcrumb-module']]]]>
  </system-out>
</testsuite> <!-- com.orangehrmlive.demo.opensource.testsuite.LoginPageTest -->
